<?xml version="1.0" encoding="UTF-8"?>
<!-- Generated by org.testng.reporters.JUnitReportReporter -->
<testsuite hostname="ASDW0012" name="Base.InitBase" tests="1" failures="0" timestamp="2 May 2018 10:26:10 GMT" time="13.960" errors="0">
  <testcase name="init" time="13.960" classname="Base.InitBase"/>
</testsuite> <!-- Base.InitBase -->
