<?xml version="1.0" encoding="UTF-8"?>
<!-- Generated by org.testng.reporters.JUnitReportReporter -->
<testsuite hostname="ASDW0012" name="Base.InitBase" tests="1" failures="0" timestamp="27 Apr 2018 12:47:07 GMT" time="12.720" errors="0">
  <testcase name="init" time="12.720" classname="Base.InitBase"/>
</testsuite> <!-- Base.InitBase -->
